<?xml version="1.0" encoding="UTF-8"?>
<!-- Generated by org.testng.reporters.JUnitXMLReporter -->
<testsuite hostname="BAN-DEVARAJLW10" ignored="7" name="Base Test1" tests="1" failures="1" timestamp="08 Jan 2018 11:21:29 GMT" time="3.249" errors="0">
  <testcase name="launchAdbFrameMobile" time="3.22" classname="browserstack.mobile.frameSwitch">
    <failure type="org.openqa.selenium.WebDriverException" message="We&amp;apos;re sorry, but we no longer support emulators or simulators. However, you can now run your selenium tests on real iOS and Android devices. Real devices are faster and more stable. Please contact our Sales team by visiting https://www.browserstack.com/contact and creating a query related to Sales. (WARNING: The server did not provide any stacktrace information)
Command duration or timeout: 2.21 seconds
Build info: version: &amp;apos;3.6.0&amp;apos;, revision: &amp;apos;6fbf3ec767&amp;apos;, time: &amp;apos;2017-09-27T15:28:36.4Z&amp;apos;
System info: host: &amp;apos;BAN-DEVARAJLW10&amp;apos;, ip: &amp;apos;10.150.108.48&amp;apos;, os.name: &amp;apos;Windows 10&amp;apos;, os.arch: &amp;apos;x86&amp;apos;, os.version: &amp;apos;10.0&amp;apos;, java.version: &amp;apos;1.8.0_111&amp;apos;
Driver info: driver.version: RemoteWebDriver">
      <![CDATA[org.openqa.selenium.WebDriverException: We're sorry, but we no longer support emulators or simulators. However, you can now run your selenium tests on real iOS and Android devices. Real devices are faster and more stable. Please contact our Sales team by visiting https://www.browserstack.com/contact and creating a query related to Sales. (WARNING: The server did not provide any stacktrace information)
Command duration or timeout: 2.21 seconds
Build info: version: '3.6.0', revision: '6fbf3ec767', time: '2017-09-27T15:28:36.4Z'
System info: host: 'BAN-DEVARAJLW10', ip: '10.150.108.48', os.name: 'Windows 10', os.arch: 'x86', os.version: '10.0', java.version: '1.8.0_111'
Driver info: driver.version: RemoteWebDriver
	at org.openqa.selenium.remote.ErrorHandler.createThrowable(ErrorHandler.java:214)
	at org.openqa.selenium.remote.ErrorHandler.throwIfResponseFailed(ErrorHandler.java:166)
	at org.openqa.selenium.remote.JsonWireProtocolResponse.lambda$new$0(JsonWireProtocolResponse.java:53)
	at org.openqa.selenium.remote.JsonWireProtocolResponse.lambda$getResponseFunction$2(JsonWireProtocolResponse.java:91)
	at org.openqa.selenium.remote.ProtocolHandshake.lambda$createSession$24(ProtocolHandshake.java:359)
	at java.util.stream.ReferencePipeline$3$1.accept(ReferencePipeline.java:193)
	at java.util.Spliterators$ArraySpliterator.tryAdvance(Spliterators.java:958)
	at java.util.stream.ReferencePipeline.forEachWithCancel(ReferencePipeline.java:126)
	at java.util.stream.AbstractPipeline.copyIntoWithCancel(AbstractPipeline.java:498)
	at java.util.stream.AbstractPipeline.copyInto(AbstractPipeline.java:485)
	at java.util.stream.AbstractPipeline.wrapAndCopyInto(AbstractPipeline.java:471)
	at java.util.stream.FindOps$FindOp.evaluateSequential(FindOps.java:152)
	at java.util.stream.AbstractPipeline.evaluate(AbstractPipeline.java:234)
	at java.util.stream.ReferencePipeline.findFirst(ReferencePipeline.java:464)
	at org.openqa.selenium.remote.ProtocolHandshake.createSession(ProtocolHandshake.java:362)
	at org.openqa.selenium.remote.ProtocolHandshake.createSession(ProtocolHandshake.java:136)
	at org.openqa.selenium.remote.HttpCommandExecutor.execute(HttpCommandExecutor.java:142)
	at org.openqa.selenium.remote.RemoteWebDriver.execute(RemoteWebDriver.java:586)
	at org.openqa.selenium.remote.RemoteWebDriver.startSession(RemoteWebDriver.java:217)
	at org.openqa.selenium.remote.RemoteWebDriver.<init>(RemoteWebDriver.java:140)
	at org.openqa.selenium.remote.RemoteWebDriver.<init>(RemoteWebDriver.java:153)
	at browserstack.mobile.frameSwitch.launchAdbFrameMobile(frameSwitch.java:231)
	at java.util.concurrent.FutureTask.run(FutureTask.java:266)
	at java.util.concurrent.ThreadPoolExecutor.runWorker(ThreadPoolExecutor.java:1142)
	at java.util.concurrent.ThreadPoolExecutor$Worker.run(ThreadPoolExecutor.java:617)
	at java.lang.Thread.run(Thread.java:745)
... Removed 20 stack frames]]>
    </failure>
  </testcase> <!-- launchAdbFrameMobile -->
  <testcase name="launchMobileApple" time="0.0" classname="browserstack.mobile.frameSwitch">
    <ignored/>
  </testcase> <!-- launchMobileApple -->
  <testcase name="testFail" time="0.0" classname="browserstack.mobile.frameSwitch">
    <ignored/>
  </testcase> <!-- testFail -->
  <testcase name="launchAdbFrameLocal" time="0.0" classname="browserstack.mobile.frameSwitch">
    <ignored/>
  </testcase> <!-- launchAdbFrameLocal -->
  <testcase name="testPass" time="0.0" classname="browserstack.mobile.frameSwitch">
    <ignored/>
  </testcase> <!-- testPass -->
  <testcase name="launchLocal" time="0.0" classname="browserstack.mobile.frameSwitch">
    <ignored/>
  </testcase> <!-- launchLocal -->
  <testcase name="launchMobileAndroid" time="0.0" classname="browserstack.mobile.frameSwitch">
    <ignored/>
  </testcase> <!-- launchMobileAndroid -->
  <testcase name="test" time="0.0" classname="browserstack.mobile.frameSwitch">
    <ignored/>
  </testcase> <!-- test -->
</testsuite> <!-- Base Test1 -->
